<?xml version="1.0" encoding="UTF-8"?>
<testng-results skipped="0" failed="0" ignored="0" total="1" passed="1">
  <reporter-output>
  </reporter-output>
  <suite name="Command line suite" duration-ms="18" started-at="2018-06-26T17:53:20Z" finished-at="2018-06-26T17:53:20Z">
    <groups>
    </groups>
    <test name="Command line test" duration-ms="18" started-at="2018-06-26T17:53:20Z" finished-at="2018-06-26T17:53:20Z">
      <class name="testing.disney.AppTest">
        <test-method status="PASS" signature="testApp()[pri:0, instance:testApp(testing.disney.AppTest)]" name="testApp" duration-ms="5" started-at="2018-06-26T17:53:20Z" finished-at="2018-06-26T17:53:20Z">
          <reporter-output>
          </reporter-output>
        </test-method> <!-- testApp -->
      </class> <!-- testing.disney.AppTest -->
    </test> <!-- Command line test -->
  </suite> <!-- Command line suite -->
</testng-results>
